[2025-11-26 14:05:14] [INFO] User 1 performed action: LOGIN | Context: {"user_id":1,"action":"LOGIN","details":"","ip":"::1"}
[2025-11-26 14:05:23] [INFO] User 1 performed action: LOGIN | Context: {"user_id":1,"action":"LOGIN","details":"","ip":"::1"}
[2025-11-26 14:06:03] [INFO] User 2 performed action: LOGIN | Context: {"user_id":2,"action":"LOGIN","details":"","ip":"::1"}
[2025-11-26 14:08:05] [INFO] User 2 performed action: LOGIN | Context: {"user_id":2,"action":"LOGIN","details":"","ip":"::1"}
[2025-11-26 14:10:17] [INFO] User 2 performed action: LOGIN | Context: {"user_id":2,"action":"LOGIN","details":"","ip":"::1"}
[2025-11-26 14:10:19] [INFO] User 2 performed action: LOGIN | Context: {"user_id":2,"action":"LOGIN","details":"","ip":"::1"}
[2025-11-26 14:10:21] [INFO] User 2 performed action: LOGIN | Context: {"user_id":2,"action":"LOGIN","details":"","ip":"::1"}
[2025-11-26 14:10:22] [INFO] User 2 performed action: LOGIN | Context: {"user_id":2,"action":"LOGIN","details":"","ip":"::1"}
[2025-11-26 14:10:23] [INFO] User 2 performed action: LOGIN | Context: {"user_id":2,"action":"LOGIN","details":"","ip":"::1"}
[2025-11-26 14:10:25] [INFO] User 2 performed action: LOGIN | Context: {"user_id":2,"action":"LOGIN","details":"","ip":"::1"}
[2025-11-26 14:10:26] [INFO] User 2 performed action: LOGIN | Context: {"user_id":2,"action":"LOGIN","details":"","ip":"::1"}
[2025-11-26 14:10:27] [INFO] User 2 performed action: LOGIN | Context: {"user_id":2,"action":"LOGIN","details":"","ip":"::1"}
[2025-11-26 14:10:29] [INFO] User 2 performed action: LOGIN | Context: {"user_id":2,"action":"LOGIN","details":"","ip":"::1"}
[2025-11-26 14:11:24] [INFO] User 2 performed action: LOGIN | Context: {"user_id":2,"action":"LOGIN","details":"","ip":"::1"}
[2025-11-26 14:11:47] [INFO] User 2 performed action: LOGOUT | Context: {"user_id":2,"action":"LOGOUT","details":"","ip":"::1"}
[2025-11-26 14:11:55] [INFO] User 1 performed action: LOGIN | Context: {"user_id":1,"action":"LOGIN","details":"","ip":"::1"}
[2025-11-26 14:11:56] [INFO] User 1 performed action: LOGIN | Context: {"user_id":1,"action":"LOGIN","details":"","ip":"::1"}
[2025-11-26 14:11:58] [INFO] User 1 performed action: LOGIN | Context: {"user_id":1,"action":"LOGIN","details":"","ip":"::1"}
[2025-11-26 14:11:59] [INFO] User 1 performed action: LOGIN | Context: {"user_id":1,"action":"LOGIN","details":"","ip":"::1"}
[2025-11-26 14:12:00] [INFO] User 1 performed action: LOGIN | Context: {"user_id":1,"action":"LOGIN","details":"","ip":"::1"}
[2025-11-26 14:12:00] [INFO] User 1 performed action: LOGIN | Context: {"user_id":1,"action":"LOGIN","details":"","ip":"::1"}
[2025-11-26 14:13:10] [INFO] User 1 performed action: LOGIN | Context: {"user_id":1,"action":"LOGIN","details":"","ip":"::1"}
[2025-11-26 14:13:39] [INFO] User 1 performed action: LOGIN | Context: {"user_id":1,"action":"LOGIN","details":"","ip":"::1"}
[2025-11-26 14:20:17] [INFO] User 1 performed action: LOGIN | Context: {"user_id":1,"action":"LOGIN","details":"","ip":"::1"}
[2025-11-26 18:09:14] [INFO] User 1 performed action: LOGIN | Context: {"user_id":1,"action":"LOGIN","details":"","ip":"::1"}
[2025-11-26 18:32:45] [INFO] User 1 performed action: LOGOUT | Context: {"user_id":1,"action":"LOGOUT","details":"","ip":"::1"}
[2025-11-26 18:32:53] [INFO] User 2 performed action: LOGIN | Context: {"user_id":2,"action":"LOGIN","details":"","ip":"::1"}
[2025-11-26 18:34:18] [INFO] User 2 performed action: LOGOUT | Context: {"user_id":2,"action":"LOGOUT","details":"","ip":"::1"}
[2025-11-26 18:34:24] [INFO] User 5 performed action: LOGIN | Context: {"user_id":5,"action":"LOGIN","details":"","ip":"::1"}
[2025-11-26 18:43:34] [INFO] User 5 performed action: LOGOUT | Context: {"user_id":5,"action":"LOGOUT","details":"","ip":"::1"}
[2025-11-26 18:43:43] [INFO] User 2 performed action: LOGIN | Context: {"user_id":2,"action":"LOGIN","details":"","ip":"::1"}
[2025-11-26 18:46:00] [INFO] User 2 performed action: LOGIN | Context: {"user_id":2,"action":"LOGIN","details":"","ip":"::1"}
[2025-11-26 18:46:08] [INFO] User 2 performed action: LOGIN | Context: {"user_id":2,"action":"LOGIN","details":"","ip":"::1"}
[2025-11-26 18:48:09] [INFO] User 2 performed action: LOGIN | Context: {"user_id":2,"action":"LOGIN","details":"","ip":"::1"}
[2025-11-26 18:48:36] [INFO] User 2 performed action: CREATE_SESSION | Context: {"user_id":2,"action":"CREATE_SESSION","details":"Session ID: 14","ip":"::1"}
[2025-11-26 18:51:26] [INFO] User 2 performed action: LOGOUT | Context: {"user_id":2,"action":"LOGOUT","details":"","ip":"::1"}
[2025-11-26 18:51:28] [INFO] User 2 performed action: LOGIN | Context: {"user_id":2,"action":"LOGIN","details":"","ip":"::1"}
[2025-11-26 18:59:00] [INFO] User 2 performed action: MARK_ATTENDANCE | Context: {"user_id":2,"action":"MARK_ATTENDANCE","details":"Session: 14, Student: 6","ip":"::1"}
[2025-11-26 18:59:01] [INFO] User 2 performed action: MARK_ATTENDANCE | Context: {"user_id":2,"action":"MARK_ATTENDANCE","details":"Session: 14, Student: 5","ip":"::1"}
[2025-11-26 18:59:39] [INFO] User 2 performed action: CLOSE_SESSION | Context: {"user_id":2,"action":"CLOSE_SESSION","details":"Session ID: 14","ip":"::1"}
[2025-11-26 19:08:35] [INFO] User 2 performed action: CLOSE_SESSION | Context: {"user_id":2,"action":"CLOSE_SESSION","details":"Session ID: 14","ip":"::1"}
[2025-11-26 19:10:48] [INFO] User 2 performed action: CLOSE_SESSION | Context: {"user_id":2,"action":"CLOSE_SESSION","details":"Session ID: 14","ip":"::1"}
[2025-11-26 19:34:05] [INFO] User 2 performed action: LOGOUT | Context: {"user_id":2,"action":"LOGOUT","details":"","ip":"::1"}
[2025-11-26 19:34:12] [INFO] User 1 performed action: LOGIN | Context: {"user_id":1,"action":"LOGIN","details":"","ip":"::1"}
[2025-11-26 19:35:02] [INFO] User 1 performed action: LOGOUT | Context: {"user_id":1,"action":"LOGOUT","details":"","ip":"::1"}
[2025-11-26 19:35:15] [INFO] User 5 performed action: LOGIN | Context: {"user_id":5,"action":"LOGIN","details":"","ip":"::1"}
[2025-11-26 19:36:09] [INFO] User 5 performed action: LOGOUT | Context: {"user_id":5,"action":"LOGOUT","details":"","ip":"::1"}
[2025-11-26 19:36:19] [INFO] User 2 performed action: LOGIN | Context: {"user_id":2,"action":"LOGIN","details":"","ip":"::1"}
[2025-11-26 19:40:30] [INFO] User 2 performed action: MARK_ATTENDANCE | Context: {"user_id":2,"action":"MARK_ATTENDANCE","details":"Session: 14, Student: 5","ip":"::1"}
[2025-11-26 19:40:31] [INFO] User 2 performed action: MARK_ATTENDANCE | Context: {"user_id":2,"action":"MARK_ATTENDANCE","details":"Session: 14, Student: 6","ip":"::1"}
[2025-11-26 19:40:36] [INFO] User 2 performed action: MARK_ATTENDANCE | Context: {"user_id":2,"action":"MARK_ATTENDANCE","details":"Session: 14, Student: 6","ip":"::1"}
[2025-11-26 19:40:37] [INFO] User 2 performed action: MARK_ATTENDANCE | Context: {"user_id":2,"action":"MARK_ATTENDANCE","details":"Session: 14, Student: 5","ip":"::1"}
[2025-11-26 19:40:38] [INFO] User 2 performed action: MARK_ATTENDANCE | Context: {"user_id":2,"action":"MARK_ATTENDANCE","details":"Session: 14, Student: 5","ip":"::1"}
[2025-11-26 19:40:39] [INFO] User 2 performed action: MARK_ATTENDANCE | Context: {"user_id":2,"action":"MARK_ATTENDANCE","details":"Session: 14, Student: 6","ip":"::1"}
[2025-11-26 19:42:00] [INFO] User 2 performed action: MARK_ATTENDANCE | Context: {"user_id":2,"action":"MARK_ATTENDANCE","details":"Session: 14, Student: 5","ip":"::1"}
[2025-11-26 19:42:01] [INFO] User 2 performed action: MARK_ATTENDANCE | Context: {"user_id":2,"action":"MARK_ATTENDANCE","details":"Session: 14, Student: 5","ip":"::1"}
[2025-11-26 19:42:01] [INFO] User 2 performed action: MARK_ATTENDANCE | Context: {"user_id":2,"action":"MARK_ATTENDANCE","details":"Session: 14, Student: 6","ip":"::1"}
[2025-11-26 19:42:02] [INFO] User 2 performed action: MARK_ATTENDANCE | Context: {"user_id":2,"action":"MARK_ATTENDANCE","details":"Session: 14, Student: 6","ip":"::1"}
[2025-11-26 19:42:14] [INFO] User 2 performed action: CREATE_SESSION | Context: {"user_id":2,"action":"CREATE_SESSION","details":"Session ID: 15","ip":"::1"}
[2025-11-26 19:42:17] [INFO] User 2 performed action: MARK_ATTENDANCE | Context: {"user_id":2,"action":"MARK_ATTENDANCE","details":"Session: 15, Student: 5","ip":"::1"}
[2025-11-26 19:42:17] [INFO] User 2 performed action: MARK_ATTENDANCE | Context: {"user_id":2,"action":"MARK_ATTENDANCE","details":"Session: 15, Student: 6","ip":"::1"}
[2025-11-26 19:42:29] [INFO] User 2 performed action: CLOSE_SESSION | Context: {"user_id":2,"action":"CLOSE_SESSION","details":"Session ID: 15","ip":"::1"}
[2025-11-26 19:42:31] [INFO] User 2 performed action: MARK_ATTENDANCE | Context: {"user_id":2,"action":"MARK_ATTENDANCE","details":"Session: 15, Student: 6","ip":"::1"}
[2025-11-26 19:42:32] [INFO] User 2 performed action: MARK_ATTENDANCE | Context: {"user_id":2,"action":"MARK_ATTENDANCE","details":"Session: 15, Student: 6","ip":"::1"}
[2025-11-26 19:42:33] [INFO] User 2 performed action: MARK_ATTENDANCE | Context: {"user_id":2,"action":"MARK_ATTENDANCE","details":"Session: 15, Student: 5","ip":"::1"}
[2025-11-26 19:45:14] [INFO] User 2 performed action: CREATE_SESSION | Context: {"user_id":2,"action":"CREATE_SESSION","details":"Session ID: 16","ip":"::1"}
[2025-11-26 19:45:16] [INFO] User 2 performed action: MARK_ATTENDANCE | Context: {"user_id":2,"action":"MARK_ATTENDANCE","details":"Session: 16, Student: 7","ip":"::1"}
[2025-11-26 19:45:19] [INFO] User 2 performed action: MARK_ATTENDANCE | Context: {"user_id":2,"action":"MARK_ATTENDANCE","details":"Session: 16, Student: 8","ip":"::1"}
[2025-11-26 19:45:30] [INFO] User 2 performed action: CLOSE_SESSION | Context: {"user_id":2,"action":"CLOSE_SESSION","details":"Session ID: 16","ip":"::1"}
[2025-11-26 19:46:29] [INFO] User 2 performed action: LOGOUT | Context: {"user_id":2,"action":"LOGOUT","details":"","ip":"::1"}
[2025-11-26 19:46:36] [INFO] User 1 performed action: LOGIN | Context: {"user_id":1,"action":"LOGIN","details":"","ip":"::1"}
[2025-11-26 19:47:07] [INFO] User 1 performed action: LOGOUT | Context: {"user_id":1,"action":"LOGOUT","details":"","ip":"::1"}
[2025-11-26 19:47:12] [INFO] User 2 performed action: LOGIN | Context: {"user_id":2,"action":"LOGIN","details":"","ip":"::1"}
[2025-11-26 19:48:00] [INFO] User 2 performed action: LOGOUT | Context: {"user_id":2,"action":"LOGOUT","details":"","ip":"::1"}
[2025-11-26 19:48:05] [INFO] User 6 performed action: LOGIN | Context: {"user_id":6,"action":"LOGIN","details":"","ip":"::1"}
[2025-11-26 19:56:53] [INFO] User 6 performed action: LOGOUT | Context: {"user_id":6,"action":"LOGOUT","details":"","ip":"::1"}
[2025-11-26 19:57:01] [INFO] User 2 performed action: LOGIN | Context: {"user_id":2,"action":"LOGIN","details":"","ip":"::1"}
[2025-11-26 20:09:09] [INFO] User 2 performed action: CREATE_SESSION | Context: {"user_id":2,"action":"CREATE_SESSION","details":"Session ID: 17","ip":"::1"}
[2025-11-26 20:09:18] [INFO] User 2 performed action: MARK_ATTENDANCE | Context: {"user_id":2,"action":"MARK_ATTENDANCE","details":"Session: 17, Student: 6","ip":"::1"}
[2025-11-26 20:09:19] [INFO] User 2 performed action: MARK_ATTENDANCE | Context: {"user_id":2,"action":"MARK_ATTENDANCE","details":"Session: 17, Student: 5","ip":"::1"}
[2025-11-26 20:09:26] [INFO] User 2 performed action: MARK_ATTENDANCE | Context: {"user_id":2,"action":"MARK_ATTENDANCE","details":"Session: 17, Student: 5","ip":"::1"}
[2025-11-26 20:09:27] [INFO] User 2 performed action: MARK_ATTENDANCE | Context: {"user_id":2,"action":"MARK_ATTENDANCE","details":"Session: 17, Student: 6","ip":"::1"}
[2025-11-26 20:09:35] [INFO] User 2 performed action: CLOSE_SESSION | Context: {"user_id":2,"action":"CLOSE_SESSION","details":"Session ID: 17","ip":"::1"}
[2025-11-26 20:09:41] [INFO] User 2 performed action: LOGOUT | Context: {"user_id":2,"action":"LOGOUT","details":"","ip":"::1"}
[2025-11-26 20:09:49] [INFO] User 5 performed action: LOGIN | Context: {"user_id":5,"action":"LOGIN","details":"","ip":"::1"}
[2025-11-26 20:09:58] [INFO] User 5 performed action: LOGOUT | Context: {"user_id":5,"action":"LOGOUT","details":"","ip":"::1"}
[2025-11-26 20:10:05] [INFO] User 7 performed action: LOGIN | Context: {"user_id":7,"action":"LOGIN","details":"","ip":"::1"}
[2025-11-26 20:10:12] [INFO] User 8 performed action: LOGIN | Context: {"user_id":8,"action":"LOGIN","details":"","ip":"::1"}
[2025-11-26 20:10:20] [INFO] User 9 performed action: LOGIN | Context: {"user_id":9,"action":"LOGIN","details":"","ip":"::1"}
[2025-11-26 20:10:25] [INFO] User 9 performed action: LOGOUT | Context: {"user_id":9,"action":"LOGOUT","details":"","ip":"::1"}
[2025-11-26 20:10:30] [INFO] User 1 performed action: LOGIN | Context: {"user_id":1,"action":"LOGIN","details":"","ip":"::1"}
[2025-11-26 20:11:29] [INFO] User 1 performed action: LOGOUT | Context: {"user_id":1,"action":"LOGOUT","details":"","ip":"::1"}
[2025-11-26 20:12:12] [INFO] User 2 performed action: LOGIN | Context: {"user_id":2,"action":"LOGIN","details":"","ip":"::1"}
[2025-11-27 09:11:32] [INFO] User 2 performed action: LOGIN | Context: {"user_id":2,"action":"LOGIN","details":"","ip":"::1"}
[2025-11-27 09:42:30] [INFO] User 2 performed action: CREATE_SESSION | Context: {"user_id":2,"action":"CREATE_SESSION","details":"Session ID: 18","ip":"::1"}
[2025-11-27 09:42:33] [INFO] User 2 performed action: MARK_ATTENDANCE | Context: {"user_id":2,"action":"MARK_ATTENDANCE","details":"Session: 18, Student: 6","ip":"::1"}
[2025-11-27 09:42:35] [INFO] User 2 performed action: MARK_ATTENDANCE | Context: {"user_id":2,"action":"MARK_ATTENDANCE","details":"Session: 18, Student: 5","ip":"::1"}
[2025-11-27 09:42:39] [INFO] User 2 performed action: CLOSE_SESSION | Context: {"user_id":2,"action":"CLOSE_SESSION","details":"Session ID: 18","ip":"::1"}
[2025-11-27 09:43:59] [INFO] User 2 performed action: LOGOUT | Context: {"user_id":2,"action":"LOGOUT","details":"","ip":"::1"}
[2025-11-27 09:44:08] [INFO] User 1 performed action: LOGIN | Context: {"user_id":1,"action":"LOGIN","details":"","ip":"::1"}
[2025-11-27 21:02:12] [INFO] User 1 performed action: LOGIN | Context: {"user_id":1,"action":"LOGIN","details":"","ip":"::1"}
[2025-11-27 21:02:44] [INFO] User 1 performed action: LOGOUT | Context: {"user_id":1,"action":"LOGOUT","details":"","ip":"::1"}
[2025-11-27 21:05:51] [INFO] User 1 performed action: LOGIN | Context: {"user_id":1,"action":"LOGIN","details":"","ip":"::1"}
[2025-11-27 21:06:14] [INFO] User 1 performed action: LOGOUT | Context: {"user_id":1,"action":"LOGOUT","details":"","ip":"::1"}
[2025-11-27 21:06:30] [INFO] User 2 performed action: LOGIN | Context: {"user_id":2,"action":"LOGIN","details":"","ip":"::1"}
[2025-11-27 21:07:09] [INFO] User 2 performed action: LOGOUT | Context: {"user_id":2,"action":"LOGOUT","details":"","ip":"::1"}
[2025-11-27 21:07:22] [INFO] User 5 performed action: LOGIN | Context: {"user_id":5,"action":"LOGIN","details":"","ip":"::1"}
[2025-11-27 21:07:55] [INFO] User 5 performed action: LOGOUT | Context: {"user_id":5,"action":"LOGOUT","details":"","ip":"::1"}
[2025-11-27 21:08:15] [INFO] User 6 performed action: LOGIN | Context: {"user_id":6,"action":"LOGIN","details":"","ip":"::1"}
[2025-11-27 21:08:35] [INFO] User 6 performed action: LOGOUT | Context: {"user_id":6,"action":"LOGOUT","details":"","ip":"::1"}
[2025-11-27 21:08:49] [INFO] User 1 performed action: LOGIN | Context: {"user_id":1,"action":"LOGIN","details":"","ip":"::1"}
[2025-11-27 21:14:01] [INFO] User 1 performed action: LOGOUT | Context: {"user_id":1,"action":"LOGOUT","details":"","ip":"::1"}
[2025-11-27 21:19:47] [INFO] User 1 performed action: LOGIN | Context: {"user_id":1,"action":"LOGIN","details":"","ip":"::1"}
[2025-11-27 21:20:41] [INFO] User 1 performed action: LOGOUT | Context: {"user_id":1,"action":"LOGOUT","details":"","ip":"::1"}
[2025-11-27 21:20:59] [INFO] User 5 performed action: LOGIN | Context: {"user_id":5,"action":"LOGIN","details":"","ip":"::1"}
[2025-11-27 21:21:13] [INFO] User 5 performed action: LOGOUT | Context: {"user_id":5,"action":"LOGOUT","details":"","ip":"::1"}
[2025-11-27 21:24:11] [INFO] User 1 performed action: LOGIN | Context: {"user_id":1,"action":"LOGIN","details":"","ip":"::1"}
[2025-11-28 22:19:29] [INFO] User 1 performed action: LOGIN | Context: {"user_id":1,"action":"LOGIN","details":"","ip":"::1"}
[2025-11-28 22:31:38] [INFO] User 1 performed action: LOGIN | Context: {"user_id":1,"action":"LOGIN","details":"","ip":"::1"}
[2025-11-28 22:43:28] [INFO] User 1 performed action: LOGIN | Context: {"user_id":1,"action":"LOGIN","details":"","ip":"::1"}
[2025-11-28 22:43:57] [INFO] User 1 performed action: LOGOUT | Context: {"user_id":1,"action":"LOGOUT","details":"","ip":"::1"}
[2025-11-28 22:44:13] [INFO] User 2 performed action: LOGIN | Context: {"user_id":2,"action":"LOGIN","details":"","ip":"::1"}
[2025-11-28 22:45:00] [INFO] User 2 performed action: LOGOUT | Context: {"user_id":2,"action":"LOGOUT","details":"","ip":"::1"}
[2025-11-28 22:45:18] [INFO] User 7 performed action: LOGIN | Context: {"user_id":7,"action":"LOGIN","details":"","ip":"::1"}
[2025-11-28 22:45:47] [INFO] User 7 performed action: LOGOUT | Context: {"user_id":7,"action":"LOGOUT","details":"","ip":"::1"}
[2025-11-28 22:45:59] [INFO] User 9 performed action: LOGIN | Context: {"user_id":9,"action":"LOGIN","details":"","ip":"::1"}
[2025-11-28 23:36:01] [INFO] User 1 performed action: LOGIN | Context: {"user_id":1,"action":"LOGIN","details":"","ip":"::1"}
[2025-11-28 23:36:48] [INFO] User 1 performed action: LOGOUT | Context: {"user_id":1,"action":"LOGOUT","details":"","ip":"::1"}
[2025-11-28 23:36:55] [INFO] User 2 performed action: LOGIN | Context: {"user_id":2,"action":"LOGIN","details":"","ip":"::1"}
[2025-11-28 23:37:37] [INFO] User 2 performed action: CREATE_SESSION | Context: {"user_id":2,"action":"CREATE_SESSION","details":"Session ID: 14","ip":"::1"}
[2025-11-28 23:37:53] [INFO] User 2 performed action: MARK_ATTENDANCE | Context: {"user_id":2,"action":"MARK_ATTENDANCE","details":"Session: 14, Student: 6","ip":"::1"}
[2025-11-28 23:37:56] [INFO] User 2 performed action: MARK_ATTENDANCE | Context: {"user_id":2,"action":"MARK_ATTENDANCE","details":"Session: 14, Student: 6","ip":"::1"}
[2025-11-28 23:37:59] [INFO] User 2 performed action: MARK_ATTENDANCE | Context: {"user_id":2,"action":"MARK_ATTENDANCE","details":"Session: 14, Student: 5","ip":"::1"}
[2025-11-28 23:38:02] [INFO] User 2 performed action: LOGOUT | Context: {"user_id":2,"action":"LOGOUT","details":"","ip":"::1"}
[2025-11-28 23:38:13] [INFO] User 5 performed action: LOGIN | Context: {"user_id":5,"action":"LOGIN","details":"","ip":"::1"}
[2025-11-28 23:38:45] [INFO] User 5 performed action: LOGIN | Context: {"user_id":5,"action":"LOGIN","details":"","ip":"::1"}
[2025-11-28 23:39:10] [INFO] User 5 performed action: LOGIN | Context: {"user_id":5,"action":"LOGIN","details":"","ip":"::1"}
[2025-11-28 23:45:22] [INFO] User 1 performed action: LOGIN | Context: {"user_id":1,"action":"LOGIN","details":"","ip":"::1"}
[2025-11-28 23:46:01] [INFO] User 1 performed action: LOGIN | Context: {"user_id":1,"action":"LOGIN","details":"","ip":"::1"}
[2025-11-28 23:46:44] [INFO] User 1 performed action: LOGOUT | Context: {"user_id":1,"action":"LOGOUT","details":"","ip":"::1"}
[2025-11-28 23:46:53] [INFO] User 1 performed action: LOGOUT | Context: {"user_id":1,"action":"LOGOUT","details":"","ip":"::1"}
[2025-11-28 23:47:07] [INFO] User 2 performed action: LOGIN | Context: {"user_id":2,"action":"LOGIN","details":"","ip":"::1"}
[2025-11-28 23:47:24] [INFO] User 2 performed action: LOGIN | Context: {"user_id":2,"action":"LOGIN","details":"","ip":"::1"}
[2025-11-28 23:51:51] [INFO] User 2 performed action: LOGIN | Context: {"user_id":2,"action":"LOGIN","details":"","ip":"::1"}
